<?xml version="1.0" encoding="UTF-8"?>
<testsuite xmlns:xsi="http://www.w3.org/2001/XMLSchema-instance" xsi:noNamespaceSchemaLocation="https://maven.apache.org/surefire/maven-surefire-plugin/xsd/surefire-test-report.xsd" version="3.0.2" name="com.Inmobiliaria.Usuarios.UsuariosApplicationTests" time="9.609" tests="1" errors="0" skipped="0" failures="0">
  <properties>
[...]
</properties>
  <testcase name="contextLoads" classname="com.Inmobiliaria.Usuarios.UsuariosApplicationTests" time="0.021">
    <system-out><![CDATA[11:40:57.422 [main] INFO org.springframework.test.context.support.AnnotationConfigContextLoaderUtils -- Could not detect default configuration classes for test class [com.Inmobiliaria.Usuarios.UsuariosApplicationTests]: UsuariosApplicationTests does not declare any static, non-private, non-final, nested classes annotated with @Configuration.
11:40:57.673 [main] INFO org.springframework.boot.test.context.SpringBootTestContextBootstrapper -- Found @SpringBootConfiguration com.Inmobiliaria.Usuarios.UsuariosApplication for test class com.Inmobiliaria.Usuarios.UsuariosApplicationTests

  .   ____          _            __ _ _
 /\\ / ___'_ __ _ _(_)_ __  __ _ \ \ \ \
( ( )\___ | '_ | '_| | '_ \/ _` | \ \ \ \
 \\/  ___)| |_)| | | | | || (_| |  ) ) ) )
  '  |____| .__|_| |_|_| |_\__, | / / / /
 =========|_|==============|___/=/_/_/_/

 :: Spring Boot ::                (v3.4.1)

2026-03-06T11:40:59.183-03:00  INFO 6692 --- [Usuarios] [           main] c.I.Usuarios.UsuariosApplicationTests    : Starting UsuariosApplicationTests using Java 21.0.3 with PID 6692 (started by Usuario in C:\Users\Usuario\OneDrive\Escritorio\inmo\Inmobiliaria\Usuarios)
2026-03-06T11:40:59.187-03:00  INFO 6692 --- [Usuarios] [           main] c.I.Usuarios.UsuariosApplicationTests    : No active profile set, falling back to 1 default profile: "default"
2026-03-06T11:40:59.294-03:00 DEBUG 6692 --- [Usuarios] [           main] o.s.w.c.s.GenericWebApplicationContext   : Refreshing org.springframework.web.context.support.GenericWebApplicationContext@7e351d7
2026-03-06T11:41:01.186-03:00  INFO 6692 --- [Usuarios] [           main] .s.d.r.c.RepositoryConfigurationDelegate : Bootstrapping Spring Data JPA repositories in DEFAULT mode.
2026-03-06T11:41:01.316-03:00  INFO 6692 --- [Usuarios] [           main] .s.d.r.c.RepositoryConfigurationDelegate : Finished Spring Data repository scanning in 90 ms. Found 1 JPA repository interface.
2026-03-06T11:41:01.781-03:00  INFO 6692 --- [Usuarios] [           main] o.s.cloud.context.scope.GenericScope     : BeanFactory id=3595ef2d-f0b1-3714-91bb-a7abcc7938c8
2026-03-06T11:41:02.421-03:00  INFO 6692 --- [Usuarios] [           main] o.hibernate.jpa.internal.util.LogHelper  : HHH000204: Processing PersistenceUnitInfo [name: default]
2026-03-06T11:41:02.624-03:00  INFO 6692 --- [Usuarios] [           main] org.hibernate.Version                    : HHH000412: Hibernate ORM core version 6.6.0.Final
2026-03-06T11:41:02.724-03:00  INFO 6692 --- [Usuarios] [           main] o.h.c.internal.RegionFactoryInitiator    : HHH000026: Second-level cache disabled
2026-03-06T11:41:03.103-03:00  INFO 6692 --- [Usuarios] [           main] o.s.o.j.p.SpringPersistenceUnitInfo      : No LoadTimeWeaver setup: ignoring JPA class transformer
2026-03-06T11:41:03.179-03:00  INFO 6692 --- [Usuarios] [           main] com.zaxxer.hikari.HikariDataSource       : HikariPool-1 - Starting...
2026-03-06T11:41:03.558-03:00  INFO 6692 --- [Usuarios] [           main] com.zaxxer.hikari.pool.HikariPool        : HikariPool-1 - Added connection org.sqlite.jdbc4.JDBC4Connection@3d2b13b1
2026-03-06T11:41:03.561-03:00  INFO 6692 --- [Usuarios] [           main] com.zaxxer.hikari.HikariDataSource       : HikariPool-1 - Start completed.
2026-03-06T11:41:03.654-03:00  INFO 6692 --- [Usuarios] [           main] org.hibernate.orm.connections.pooling    : HHH10001005: Database info:
	Database JDBC URL [Connecting through datasourcenull]
	Database driver: undefined/unknown
	Database version: 3.46
	Autocommit mode: undefined/unknown
	Isolation level: undefined/unknown
	Minimum pool size: undefined/unknown
	Maximum pool size: undefined/unknown
2026-03-06T11:41:04.805-03:00  INFO 6692 --- [Usuarios] [           main] o.h.e.t.j.p.i.JtaPlatformInitiator       : HHH000489: No JTA platform available (set 'hibernate.transaction.jta.platform' to enable JTA platform integration)
2026-03-06T11:41:04.856-03:00  INFO 6692 --- [Usuarios] [           main] j.LocalContainerEntityManagerFactoryBean : Initialized JPA EntityManagerFactory for persistence unit 'default'
2026-03-06T11:41:05.338-03:00  WARN 6692 --- [Usuarios] [           main] JpaBaseConfiguration$JpaWebConfiguration : spring.jpa.open-in-view is enabled by default. Therefore, database queries may be performed during view rendering. Explicitly configure spring.jpa.open-in-view to disable this warning
2026-03-06T11:41:05.383-03:00  WARN 6692 --- [Usuarios] [           main] .s.s.UserDetailsServiceAutoConfiguration : 

Using generated security password: 1d4fa4f6-c06c-4f07-8206-8b979adccb0f

This generated password is for development use only. Your security configuration must be updated before running your application in production.

2026-03-06T11:41:05.393-03:00  INFO 6692 --- [Usuarios] [           main] r$InitializeUserDetailsManagerConfigurer : Global AuthenticationManager configured with UserDetailsService bean with name inMemoryUserDetailsManager
2026-03-06T11:41:05.605-03:00 DEBUG 6692 --- [Usuarios] [           main] s.w.s.m.m.a.RequestMappingHandlerMapping : 8 mappings in 'requestMappingHandlerMapping'
2026-03-06T11:41:05.757-03:00 DEBUG 6692 --- [Usuarios] [           main] o.s.w.s.handler.SimpleUrlHandlerMapping  : Patterns [/webjars/**, /**] in 'resourceHandlerMapping'
2026-03-06T11:41:06.032-03:00 DEBUG 6692 --- [Usuarios] [           main] s.w.s.m.m.a.RequestMappingHandlerAdapter : ControllerAdvice beans: 0 @ModelAttribute, 0 @InitBinder, 1 RequestBodyAdvice, 1 ResponseBodyAdvice
2026-03-06T11:41:06.093-03:00 DEBUG 6692 --- [Usuarios] [           main] .m.m.a.ExceptionHandlerExceptionResolver : ControllerAdvice beans: 0 @ExceptionHandler, 1 ResponseBodyAdvice
2026-03-06T11:41:06.347-03:00  INFO 6692 --- [Usuarios] [           main] c.I.Usuarios.UsuariosApplicationTests    : Started UsuariosApplicationTests in 8.014 seconds (process running for 12.752)
Hibernate: select u1_0.id,u1_0.email,u1_0.nombre,u1_0.password,u1_0.rol from usuario u1_0 where u1_0.email=?
]]></system-out>
  </testcase>
</testsuite>