<?xml version="1.0" encoding="UTF-8"?>
<testsuite xmlns:xsi="http://www.w3.org/2001/XMLSchema-instance" xsi:noNamespaceSchemaLocation="https://maven.apache.org/surefire/maven-surefire-plugin/xsd/surefire-test-report.xsd" version="3.0.2" name="com.Inmobiliaria.Usuarios.UsuariosApplicationTests" time="9.897" tests="1" errors="0" skipped="0" failures="0">
  <properties>
[...]
</properties>
  <testcase name="contextLoads" classname="com.Inmobiliaria.Usuarios.UsuariosApplicationTests" time="0.018">
    <system-out><![CDATA[23:11:08.363 [main] INFO org.springframework.test.context.support.AnnotationConfigContextLoaderUtils -- Could not detect default configuration classes for test class [com.Inmobiliaria.Usuarios.UsuariosApplicationTests]: UsuariosApplicationTests does not declare any static, non-private, non-final, nested classes annotated with @Configuration.
23:11:08.631 [main] INFO org.springframework.boot.test.context.SpringBootTestContextBootstrapper -- Found @SpringBootConfiguration com.Inmobiliaria.Usuarios.UsuariosApplication for test class com.Inmobiliaria.Usuarios.UsuariosApplicationTests

  .   ____          _            __ _ _
 /\\ / ___'_ __ _ _(_)_ __  __ _ \ \ \ \
( ( )\___ | '_ | '_| | '_ \/ _` | \ \ \ \
 \\/  ___)| |_)| | | | | || (_| |  ) ) ) )
  '  |____| .__|_| |_|_| |_\__, | / / / /
 =========|_|==============|___/=/_/_/_/

 :: Spring Boot ::                (v3.4.1)

2026-03-03T23:11:09.829-03:00  INFO 17184 --- [Usuarios] [           main] c.I.Usuarios.UsuariosApplicationTests    : Starting UsuariosApplicationTests using Java 21.0.3 with PID 17184 (started by Usuario in C:\Users\Usuario\OneDrive\Escritorio\inmo\Inmobiliaria\Usuarios)
2026-03-03T23:11:09.832-03:00  INFO 17184 --- [Usuarios] [           main] c.I.Usuarios.UsuariosApplicationTests    : No active profile set, falling back to 1 default profile: "default"
2026-03-03T23:11:09.888-03:00 DEBUG 17184 --- [Usuarios] [           main] o.s.w.c.s.GenericWebApplicationContext   : Refreshing org.springframework.web.context.support.GenericWebApplicationContext@2db1b657
2026-03-03T23:11:11.233-03:00  INFO 17184 --- [Usuarios] [           main] .s.d.r.c.RepositoryConfigurationDelegate : Bootstrapping Spring Data JPA repositories in DEFAULT mode.
2026-03-03T23:11:11.384-03:00  INFO 17184 --- [Usuarios] [           main] .s.d.r.c.RepositoryConfigurationDelegate : Finished Spring Data repository scanning in 120 ms. Found 1 JPA repository interface.
2026-03-03T23:11:11.884-03:00  INFO 17184 --- [Usuarios] [           main] o.s.cloud.context.scope.GenericScope     : BeanFactory id=c1d312c5-4e00-3fa5-a786-34c1f0e416e2
2026-03-03T23:11:12.481-03:00  INFO 17184 --- [Usuarios] [           main] o.hibernate.jpa.internal.util.LogHelper  : HHH000204: Processing PersistenceUnitInfo [name: default]
2026-03-03T23:11:12.711-03:00  INFO 17184 --- [Usuarios] [           main] org.hibernate.Version                    : HHH000412: Hibernate ORM core version 6.6.0.Final
2026-03-03T23:11:12.776-03:00  INFO 17184 --- [Usuarios] [           main] o.h.c.internal.RegionFactoryInitiator    : HHH000026: Second-level cache disabled
2026-03-03T23:11:13.054-03:00  INFO 17184 --- [Usuarios] [           main] o.s.o.j.p.SpringPersistenceUnitInfo      : No LoadTimeWeaver setup: ignoring JPA class transformer
2026-03-03T23:11:13.151-03:00  INFO 17184 --- [Usuarios] [           main] com.zaxxer.hikari.HikariDataSource       : HikariPool-1 - Starting...
2026-03-03T23:11:13.680-03:00  INFO 17184 --- [Usuarios] [           main] com.zaxxer.hikari.pool.HikariPool        : HikariPool-1 - Added connection org.sqlite.jdbc4.JDBC4Connection@25e796fe
2026-03-03T23:11:13.680-03:00  INFO 17184 --- [Usuarios] [           main] com.zaxxer.hikari.HikariDataSource       : HikariPool-1 - Start completed.
2026-03-03T23:11:13.756-03:00  INFO 17184 --- [Usuarios] [           main] org.hibernate.orm.connections.pooling    : HHH10001005: Database info:
	Database JDBC URL [Connecting through datasourcenull]
	Database driver: undefined/unknown
	Database version: 3.46
	Autocommit mode: undefined/unknown
	Isolation level: undefined/unknown
	Minimum pool size: undefined/unknown
	Maximum pool size: undefined/unknown
2026-03-03T23:11:14.913-03:00  INFO 17184 --- [Usuarios] [           main] o.h.e.t.j.p.i.JtaPlatformInitiator       : HHH000489: No JTA platform available (set 'hibernate.transaction.jta.platform' to enable JTA platform integration)
Hibernate: create table usuario (id integer, email varchar(255) unique, nombre varchar(50) not null, password varchar(255) not null, rol varchar(255) not null check (rol in ('ADMIN','AGENTE')), primary key (id))
Hibernate: alter table usuario drop constraint UK5171l57faosmj8myawaucatdw
2026-03-03T23:11:14.976-03:00  INFO 17184 --- [Usuarios] [           main] j.LocalContainerEntityManagerFactoryBean : Initialized JPA EntityManagerFactory for persistence unit 'default'
2026-03-03T23:11:15.594-03:00  WARN 17184 --- [Usuarios] [           main] JpaBaseConfiguration$JpaWebConfiguration : spring.jpa.open-in-view is enabled by default. Therefore, database queries may be performed during view rendering. Explicitly configure spring.jpa.open-in-view to disable this warning
2026-03-03T23:11:15.657-03:00  WARN 17184 --- [Usuarios] [           main] .s.s.UserDetailsServiceAutoConfiguration : 

Using generated security password: 15c8060f-972e-4f48-be4d-9e1770049ab6

This generated password is for development use only. Your security configuration must be updated before running your application in production.

2026-03-03T23:11:15.671-03:00  INFO 17184 --- [Usuarios] [           main] r$InitializeUserDetailsManagerConfigurer : Global AuthenticationManager configured with UserDetailsService bean with name inMemoryUserDetailsManager
2026-03-03T23:11:15.912-03:00 DEBUG 17184 --- [Usuarios] [           main] s.w.s.m.m.a.RequestMappingHandlerMapping : 8 mappings in 'requestMappingHandlerMapping'
2026-03-03T23:11:16.125-03:00 DEBUG 17184 --- [Usuarios] [           main] o.s.w.s.handler.SimpleUrlHandlerMapping  : Patterns [/webjars/**, /**] in 'resourceHandlerMapping'
2026-03-03T23:11:16.492-03:00 DEBUG 17184 --- [Usuarios] [           main] s.w.s.m.m.a.RequestMappingHandlerAdapter : ControllerAdvice beans: 0 @ModelAttribute, 0 @InitBinder, 1 RequestBodyAdvice, 1 ResponseBodyAdvice
2026-03-03T23:11:16.583-03:00 DEBUG 17184 --- [Usuarios] [           main] .m.m.a.ExceptionHandlerExceptionResolver : ControllerAdvice beans: 0 @ExceptionHandler, 1 ResponseBodyAdvice
2026-03-03T23:11:17.059-03:00  INFO 17184 --- [Usuarios] [           main] c.I.Usuarios.UsuariosApplicationTests    : Started UsuariosApplicationTests in 7.889 seconds (process running for 12.389)
Hibernate: select u1_0.id,u1_0.email,u1_0.nombre,u1_0.password,u1_0.rol from usuario u1_0 where u1_0.email=?
Hibernate: insert into usuario (email,nombre,password,rol) values (?,?,?,?)
Hibernate: select last_insert_rowid()
]]></system-out>
  </testcase>
</testsuite>