<?xml version="1.0" encoding="UTF-8"?>
<testsuite xmlns:xsi="http://www.w3.org/2001/XMLSchema-instance" xsi:noNamespaceSchemaLocation="https://maven.apache.org/surefire/maven-surefire-plugin/xsd/surefire-test-report.xsd" version="3.0.2" name="com.Inmobiliaria.Inmueble.InmuebleApplicationTests" time="2.586" tests="1" errors="0" skipped="0" failures="0">
  <properties>
[...]
</properties>
  <testcase name="contextLoads" classname="com.Inmobiliaria.Inmueble.InmuebleApplicationTests" time="0.013">
    <system-out><![CDATA[2026-03-10T12:05:32.272-03:00  INFO 10552 --- [Inmueble] [           main] t.c.s.AnnotationConfigContextLoaderUtils : Could not detect default configuration classes for test class [com.Inmobiliaria.Inmueble.InmuebleApplicationTests]: InmuebleApplicationTests does not declare any static, non-private, non-final, nested classes annotated with @Configuration.
2026-03-10T12:05:32.297-03:00  INFO 10552 --- [Inmueble] [           main] .b.t.c.SpringBootTestContextBootstrapper : Found @SpringBootConfiguration com.Inmobiliaria.Inmueble.InmuebleApplication for test class com.Inmobiliaria.Inmueble.InmuebleApplicationTests

  .   ____          _            __ _ _
 /\\ / ___'_ __ _ _(_)_ __  __ _ \ \ \ \
( ( )\___ | '_ | '_| | '_ \/ _` | \ \ \ \
 \\/  ___)| |_)| | | | | || (_| |  ) ) ) )
  '  |____| .__|_| |_|_| |_\__, | / / / /
 =========|_|==============|___/=/_/_/_/

 :: Spring Boot ::                (v3.4.1)

2026-03-10T12:05:32.468-03:00  INFO 10552 --- [Inmueble] [           main] c.I.Inmueble.InmuebleApplicationTests    : Starting InmuebleApplicationTests using Java 21.0.3 with PID 10552 (started by Usuario in C:\Users\Usuario\OneDrive\Escritorio\inmo\Inmobiliaria\Inmueble)
2026-03-10T12:05:32.468-03:00  INFO 10552 --- [Inmueble] [           main] c.I.Inmueble.InmuebleApplicationTests    : The following 1 profile is active: "test"
2026-03-10T12:05:32.484-03:00 DEBUG 10552 --- [Inmueble] [           main] o.s.w.c.s.GenericWebApplicationContext   : Refreshing org.springframework.web.context.support.GenericWebApplicationContext@50d8b30
2026-03-10T12:05:33.025-03:00  INFO 10552 --- [Inmueble] [           main] .s.d.r.c.RepositoryConfigurationDelegate : Bootstrapping Spring Data JPA repositories in DEFAULT mode.
2026-03-10T12:05:33.051-03:00  INFO 10552 --- [Inmueble] [           main] .s.d.r.c.RepositoryConfigurationDelegate : Finished Spring Data repository scanning in 28 ms. Found 7 JPA repository interfaces.
2026-03-10T12:05:33.165-03:00  INFO 10552 --- [Inmueble] [           main] o.s.cloud.context.scope.GenericScope     : BeanFactory id=48971bdc-afbb-3397-9dec-ccdbbe3b271f
2026-03-10T12:05:33.367-03:00  INFO 10552 --- [Inmueble] [           main] o.hibernate.jpa.internal.util.LogHelper  : HHH000204: Processing PersistenceUnitInfo [name: default]
2026-03-10T12:05:33.378-03:00  INFO 10552 --- [Inmueble] [           main] o.h.c.internal.RegionFactoryInitiator    : HHH000026: Second-level cache disabled
2026-03-10T12:05:33.423-03:00  INFO 10552 --- [Inmueble] [           main] o.s.o.j.p.SpringPersistenceUnitInfo      : No LoadTimeWeaver setup: ignoring JPA class transformer
2026-03-10T12:05:33.427-03:00  INFO 10552 --- [Inmueble] [           main] com.zaxxer.hikari.HikariDataSource       : HikariPool-2 - Starting...
2026-03-10T12:05:33.430-03:00  INFO 10552 --- [Inmueble] [           main] com.zaxxer.hikari.pool.HikariPool        : HikariPool-2 - Added connection conn10: url=jdbc:h2:mem:testdb user=SA
2026-03-10T12:05:33.431-03:00  INFO 10552 --- [Inmueble] [           main] com.zaxxer.hikari.HikariDataSource       : HikariPool-2 - Start completed.
2026-03-10T12:05:33.432-03:00  WARN 10552 --- [Inmueble] [           main] org.hibernate.orm.deprecation            : HHH90000025: H2Dialect does not need to be specified explicitly using 'hibernate.dialect' (remove the property setting and it will be selected by default)
2026-03-10T12:05:33.433-03:00  INFO 10552 --- [Inmueble] [           main] org.hibernate.orm.connections.pooling    : HHH10001005: Database info:
	Database JDBC URL [Connecting through datasource 'HikariDataSource (HikariPool-2)']
	Database driver: undefined/unknown
	Database version: 2.3.232
	Autocommit mode: undefined/unknown
	Isolation level: undefined/unknown
	Minimum pool size: undefined/unknown
	Maximum pool size: undefined/unknown
2026-03-10T12:05:33.980-03:00  INFO 10552 --- [Inmueble] [           main] o.h.e.t.j.p.i.JtaPlatformInitiator       : HHH000489: No JTA platform available (set 'hibernate.transaction.jta.platform' to enable JTA platform integration)
Hibernate: 
    drop table if exists casa cascade 
Hibernate: 
    drop table if exists departamento cascade 
Hibernate: 
    drop table if exists inmueble_fotos cascade 
Hibernate: 
    drop table if exists leads cascade 
Hibernate: 
    drop table if exists locales cascade 
Hibernate: 
    drop table if exists ph cascade 
Hibernate: 
    drop table if exists terreno cascade 
Hibernate: 
    create table casa (
        banios integer,
        disponible boolean not null,
        dormitorios integer,
        fecha_publicacion date,
        garage integer,
        id integer generated by default as identity,
        precio float(53),
        area bigint,
        tamanio_lote bigint,
        direccion varchar(255),
        operacion enum ('ALQUILER','VENTA'),
        primary key (id)
    )
Hibernate: 
    create table departamento (
        banios integer,
        disponible boolean not null,
        dormitorios integer,
        expensas float(53),
        fecha_publicacion date,
        garage integer,
        id integer generated by default as identity,
        piso integer,
        precio float(53),
        area bigint,
        tamanio_lote bigint,
        direccion varchar(255),
        operacion enum ('ALQUILER','VENTA'),
        primary key (id)
    )
Hibernate: 
    create table inmueble_fotos (
        inmueble_id integer not null,
        orden integer not null,
        portada boolean not null,
        fecha_creacion timestamp(6) not null,
        id bigint generated by default as identity,
        image_url varchar(500) not null,
        public_id varchar(255) not null unique,
        tipo_inmueble varchar(255) not null,
        primary key (id)
    )
Hibernate: 
    create table leads (
        id integer generated by default as identity,
        inmueble_id integer,
        fecha_creacion timestamp(6) not null,
        mensaje varchar(1000),
        email varchar(255) not null,
        estado varchar(255) not null,
        nombre varchar(255) not null,
        telefono varchar(255),
        primary key (id)
    )
Hibernate: 
    create table locales (
        banios integer,
        disponible boolean not null,
        fecha_publicacion date,
        garage integer,
        id integer generated by default as identity,
        precio float(53),
        tiene_deposito boolean not null,
        area bigint,
        tamanio_lote bigint,
        direccion varchar(255),
        operacion enum ('ALQUILER','VENTA'),
        primary key (id)
    )
Hibernate: 
    create table ph (
        banios integer,
        disponible boolean not null,
        dormitorios integer,
        fecha_publicacion date,
        garage integer,
        id integer generated by default as identity,
        precio float(53),
        area bigint,
        tamanio_lote bigint,
        direccion varchar(255),
        operacion enum ('ALQUILER','VENTA'),
        primary key (id)
    )
Hibernate: 
    create table terreno (
        disponible boolean not null,
        fecha_publicacion date,
        id integer generated by default as identity,
        precio float(53),
        tamanio_lote bigint,
        direccion varchar(255),
        operacion enum ('ALQUILER','VENTA'),
        primary key (id)
    )
2026-03-10T12:05:34.023-03:00  INFO 10552 --- [Inmueble] [           main] j.LocalContainerEntityManagerFactoryBean : Initialized JPA EntityManagerFactory for persistence unit 'default'
2026-03-10T12:05:34.351-03:00  WARN 10552 --- [Inmueble] [           main] JpaBaseConfiguration$JpaWebConfiguration : spring.jpa.open-in-view is enabled by default. Therefore, database queries may be performed during view rendering. Explicitly configure spring.jpa.open-in-view to disable this warning
2026-03-10T12:05:34.380-03:00  WARN 10552 --- [Inmueble] [           main] .s.s.UserDetailsServiceAutoConfiguration : 

Using generated security password: 3d9dddca-adfc-4cfc-9b2c-26f5075bd49c

This generated password is for development use only. Your security configuration must be updated before running your application in production.

2026-03-10T12:05:34.382-03:00  INFO 10552 --- [Inmueble] [           main] r$InitializeUserDetailsManagerConfigurer : Global AuthenticationManager configured with UserDetailsService bean with name inMemoryUserDetailsManager
2026-03-10T12:05:34.430-03:00 DEBUG 10552 --- [Inmueble] [           main] s.w.s.m.m.a.RequestMappingHandlerMapping : 18 mappings in 'requestMappingHandlerMapping'
2026-03-10T12:05:34.496-03:00 DEBUG 10552 --- [Inmueble] [           main] o.s.w.s.handler.SimpleUrlHandlerMapping  : Patterns [/webjars/**, /**] in 'resourceHandlerMapping'
2026-03-10T12:05:34.635-03:00 DEBUG 10552 --- [Inmueble] [           main] s.w.s.m.m.a.RequestMappingHandlerAdapter : ControllerAdvice beans: 0 @ModelAttribute, 0 @InitBinder, 1 RequestBodyAdvice, 1 ResponseBodyAdvice
2026-03-10T12:05:34.664-03:00 DEBUG 10552 --- [Inmueble] [           main] .m.m.a.ExceptionHandlerExceptionResolver : ControllerAdvice beans: 0 @ExceptionHandler, 1 ResponseBodyAdvice
2026-03-10T12:05:34.835-03:00  INFO 10552 --- [Inmueble] [           main] c.I.Inmueble.InmuebleApplicationTests    : Started InmuebleApplicationTests in 2.53 seconds (process running for 21.615)
]]></system-out>
  </testcase>
</testsuite>