<?xml version="1.0" encoding="UTF-8"?>
<testsuite xmlns:xsi="http://www.w3.org/2001/XMLSchema-instance" xsi:noNamespaceSchemaLocation="https://maven.apache.org/surefire/maven-surefire-plugin/xsd/surefire-test-report.xsd" version="3.0.2" name="com.Inmobiliaria.Inmueble.InmuebleApplicationTests" time="2.152" tests="1" errors="0" skipped="0" failures="0">
  <properties>
[...]
</properties>
  <testcase name="contextLoads" classname="com.Inmobiliaria.Inmueble.InmuebleApplicationTests" time="0.026">
    <system-out><![CDATA[2026-03-06T11:59:10.045-03:00  INFO 3096 --- [Inmueble] [           main] t.c.s.AnnotationConfigContextLoaderUtils : Could not detect default configuration classes for test class [com.Inmobiliaria.Inmueble.InmuebleApplicationTests]: InmuebleApplicationTests does not declare any static, non-private, non-final, nested classes annotated with @Configuration.
2026-03-06T11:59:10.066-03:00  INFO 3096 --- [Inmueble] [           main] .b.t.c.SpringBootTestContextBootstrapper : Found @SpringBootConfiguration com.Inmobiliaria.Inmueble.InmuebleApplication for test class com.Inmobiliaria.Inmueble.InmuebleApplicationTests

  .   ____          _            __ _ _
 /\\ / ___'_ __ _ _(_)_ __  __ _ \ \ \ \
( ( )\___ | '_ | '_| | '_ \/ _` | \ \ \ \
 \\/  ___)| |_)| | | | | || (_| |  ) ) ) )
  '  |____| .__|_| |_|_| |_\__, | / / / /
 =========|_|==============|___/=/_/_/_/

 :: Spring Boot ::                (v3.4.1)

2026-03-06T11:59:10.173-03:00  INFO 3096 --- [Inmueble] [           main] c.I.Inmueble.InmuebleApplicationTests    : Starting InmuebleApplicationTests using Java 21.0.3 with PID 3096 (started by Usuario in C:\Users\Usuario\OneDrive\Escritorio\inmo\Inmobiliaria\Inmueble)
2026-03-06T11:59:10.174-03:00  INFO 3096 --- [Inmueble] [           main] c.I.Inmueble.InmuebleApplicationTests    : No active profile set, falling back to 1 default profile: "default"
2026-03-06T11:59:10.178-03:00 DEBUG 3096 --- [Inmueble] [           main] o.s.w.c.s.GenericWebApplicationContext   : Refreshing org.springframework.web.context.support.GenericWebApplicationContext@7d7f49f3
2026-03-06T11:59:10.724-03:00  INFO 3096 --- [Inmueble] [           main] .s.d.r.c.RepositoryConfigurationDelegate : Bootstrapping Spring Data JPA repositories in DEFAULT mode.
2026-03-06T11:59:10.756-03:00  INFO 3096 --- [Inmueble] [           main] .s.d.r.c.RepositoryConfigurationDelegate : Finished Spring Data repository scanning in 29 ms. Found 6 JPA repository interfaces.
2026-03-06T11:59:10.834-03:00  INFO 3096 --- [Inmueble] [           main] o.s.cloud.context.scope.GenericScope     : BeanFactory id=3a409c8c-3dd8-3737-8e6c-86aa71a83d4a
2026-03-06T11:59:10.950-03:00  INFO 3096 --- [Inmueble] [           main] o.hibernate.jpa.internal.util.LogHelper  : HHH000204: Processing PersistenceUnitInfo [name: default]
2026-03-06T11:59:10.957-03:00  INFO 3096 --- [Inmueble] [           main] o.h.c.internal.RegionFactoryInitiator    : HHH000026: Second-level cache disabled
2026-03-06T11:59:10.976-03:00  INFO 3096 --- [Inmueble] [           main] o.s.o.j.p.SpringPersistenceUnitInfo      : No LoadTimeWeaver setup: ignoring JPA class transformer
2026-03-06T11:59:10.980-03:00  INFO 3096 --- [Inmueble] [           main] com.zaxxer.hikari.HikariDataSource       : HikariPool-2 - Starting...
2026-03-06T11:59:10.982-03:00  INFO 3096 --- [Inmueble] [           main] com.zaxxer.hikari.pool.HikariPool        : HikariPool-2 - Added connection org.sqlite.jdbc4.JDBC4Connection@18e7b33e
2026-03-06T11:59:10.982-03:00  INFO 3096 --- [Inmueble] [           main] com.zaxxer.hikari.HikariDataSource       : HikariPool-2 - Start completed.
2026-03-06T11:59:10.983-03:00  INFO 3096 --- [Inmueble] [           main] org.hibernate.orm.connections.pooling    : HHH10001005: Database info:
	Database JDBC URL [Connecting through datasourcenull]
	Database driver: undefined/unknown
	Database version: 3.46
	Autocommit mode: undefined/unknown
	Isolation level: undefined/unknown
	Minimum pool size: undefined/unknown
	Maximum pool size: undefined/unknown
2026-03-06T11:59:11.309-03:00  INFO 3096 --- [Inmueble] [           main] o.h.e.t.j.p.i.JtaPlatformInitiator       : HHH000489: No JTA platform available (set 'hibernate.transaction.jta.platform' to enable JTA platform integration)
2026-03-06T11:59:11.319-03:00  INFO 3096 --- [Inmueble] [           main] j.LocalContainerEntityManagerFactoryBean : Initialized JPA EntityManagerFactory for persistence unit 'default'
2026-03-06T11:59:11.651-03:00  WARN 3096 --- [Inmueble] [           main] JpaBaseConfiguration$JpaWebConfiguration : spring.jpa.open-in-view is enabled by default. Therefore, database queries may be performed during view rendering. Explicitly configure spring.jpa.open-in-view to disable this warning
2026-03-06T11:59:11.707-03:00  WARN 3096 --- [Inmueble] [           main] .s.s.UserDetailsServiceAutoConfiguration : 

Using generated security password: 59db2818-34d6-4b59-834a-b001e4b6dfab

This generated password is for development use only. Your security configuration must be updated before running your application in production.

2026-03-06T11:59:11.713-03:00  INFO 3096 --- [Inmueble] [           main] r$InitializeUserDetailsManagerConfigurer : Global AuthenticationManager configured with UserDetailsService bean with name inMemoryUserDetailsManager
2026-03-06T11:59:11.796-03:00 DEBUG 3096 --- [Inmueble] [           main] s.w.s.m.m.a.RequestMappingHandlerMapping : 15 mappings in 'requestMappingHandlerMapping'
2026-03-06T11:59:11.901-03:00 DEBUG 3096 --- [Inmueble] [           main] o.s.w.s.handler.SimpleUrlHandlerMapping  : Patterns [/webjars/**, /**] in 'resourceHandlerMapping'
2026-03-06T11:59:12.020-03:00 DEBUG 3096 --- [Inmueble] [           main] s.w.s.m.m.a.RequestMappingHandlerAdapter : ControllerAdvice beans: 0 @ModelAttribute, 0 @InitBinder, 1 RequestBodyAdvice, 1 ResponseBodyAdvice
2026-03-06T11:59:12.031-03:00 DEBUG 3096 --- [Inmueble] [           main] .m.m.a.ExceptionHandlerExceptionResolver : ControllerAdvice beans: 0 @ExceptionHandler, 1 ResponseBodyAdvice
2026-03-06T11:59:12.159-03:00  INFO 3096 --- [Inmueble] [           main] c.I.Inmueble.InmuebleApplicationTests    : Started InmuebleApplicationTests in 2.085 seconds (process running for 16.637)
]]></system-out>
  </testcase>
</testsuite>